mktextfm ec-qplr+20
mktextfm ec-qplr-20
mktextfm ec-qplr-sc+20
mktextfm ec-qplr-sc-20
mktextfm ec-qplr+20
mktextfm ec-qplr-20
mktextfm ec-qplri+20
mktextfm ec-qplri-20
mktextfm ec-qplr+20
mktextfm ec-qplr-20
mktextfm ec-qplr+20
mktextfm ec-qplr-20
mktextfm ec-qplr-sc+20
mktextfm ec-qplr-sc-20
mktextfm ec-qplr+20
mktextfm ec-qplr-20
mktextfm ec-qplri+20
mktextfm ec-qplri-20
mktextfm ec-qplr+20
mktextfm ec-qplr-20
mktextfm ec-qplr+20
mktextfm ec-qplr-20
mktextfm ec-qplr-sc+20
mktextfm ec-qplr-sc-20
mktextfm ec-qplr+20
mktextfm ec-qplr-20
mktextfm ec-qplri+20
mktextfm ec-qplri-20
mktextfm ec-qplr+20
mktextfm ec-qplr-20
mktextfm ec-qplr+20
mktextfm ec-qplr-20
mktextfm ec-qplr-sc+20
mktextfm ec-qplr-sc-20
mktextfm ec-qplr+20
mktextfm ec-qplr-20
mktextfm ec-qplri+20
mktextfm ec-qplri-20
mktextfm ec-qplr+20
mktextfm ec-qplr-20
