\BOOKMARK [0][-]{chapter.1}{\376\377\000\332\000v\000o\000d}{}% 1
\BOOKMARK [0][-]{chapter.2}{\376\377\000Z\000\341\000k\000l\000a\000d\000n\000\355\000\040\000i\000n\000f\000o\000r\000m\000a\000c\000e}{}% 2
\BOOKMARK [1][-]{section.2.1}{\376\377\000\040\000N\000\341\000h\000l\000e\000d\000\040\000d\000o\000\040\000p\000r\000o\000b\000l\000e\000m\000a\000t\000i\000k\000y}{chapter.2}% 3
\BOOKMARK [1][-]{section.2.2}{\376\377\000\040\000V\000\375\000s\000t\000a\000v\000n\000\355\000\040\000s\000k\000u\000p\000i\000n\000y}{chapter.2}% 4
\BOOKMARK [1][-]{section.2.3}{\376\377\000\040\000I\000d\000e\000n\000t\000i\000f\000i\000k\000a\001\015\000n\000\355\000\040\000s\000y\000s\000t\000\351\000m\000\040\000E\000a\000s\000y\000\040\000M\000i\000n\000d\000\040\000S\000y\000s\000t\000e\000m}{chapter.2}% 5
\BOOKMARK [1][-]{section.2.4}{\376\377\000\040\000F\000o\000r\000m\000u\000l\000\341\001\131}{chapter.2}% 6
\BOOKMARK [0][-]{chapter.3}{\376\377\000A\000n\000a\000l\000y\000t\000i\000c\000k\000\341\000\040\001\015\000\341\000s\000t}{}% 7
\BOOKMARK [1][-]{section.3.1}{\376\377\000\040\000J\000a\000k\000\040\000v\000\375\000s\000t\000a\000v\000a\000\040\000p\000r\000o\000b\000\355\000h\000\341}{chapter.3}% 8
\BOOKMARK [1][-]{section.3.2}{\376\377\000\040\000Z\000a\000b\000e\000z\000p\000e\001\015\000e\000n\000\355}{chapter.3}% 9
\BOOKMARK [0][-]{chapter.4}{\376\377\001\130\000e\001\141\000e\000n\000\355}{}% 10
\BOOKMARK [0][-]{chapter.5}{\376\377\000I\000m\000p\000l\000e\000m\000e\000n\000t\000a\000c\000e}{}% 11
\BOOKMARK [1][-]{section.5.1}{\376\377\000\040\000P\000o\000u\001\176\000i\000t\000\351\000\040\000t\000e\000c\000h\000n\000o\000l\000o\000g\000i\000e}{chapter.5}% 12
\BOOKMARK [2][-]{subsection.5.1.1}{\376\377\000\040\000A\000D\000T\000\040\000P\000l\000u\000g\000i\000n}{section.5.1}% 13
\BOOKMARK [2][-]{subsection.5.1.2}{\376\377\000\040\000A\000n\000d\000r\000o\000i\000d\000\040\000S\000D\000K}{section.5.1}% 14
\BOOKMARK [2][-]{subsection.5.1.3}{\376\377\000\040\000J\000S\000O\000N}{section.5.1}% 15
\BOOKMARK [2][-]{subsection.5.1.4}{\376\377\000\040\000A\000n\000d\000r\000o\000i\000d\000\040\000S\000Q\000L\000i\000t\000e\000\040\000D\000a\000t\000a\000b\000a\000s\000e}{section.5.1}% 16
\BOOKMARK [1][-]{section.5.2}{\376\377\000\040\000P\000o\000p\000i\000s\000\040\000s\000t\000r\000u\000k\000t\000u\000r\000y\000\040\000p\000r\000o\000g\000r\000a\000m\000u\000\040\000p\000r\000o\000\040\000A\000n\000d\000r\000o\000i\000d}{chapter.5}% 17
\BOOKMARK [0][-]{chapter.6}{\376\377\000Z\000p\000r\000a\000c\000o\000v\000\341\000n\000\355\000\040\000f\000o\000r\000m\000u\000l\000\341\001\131\001\157}{}% 18
\BOOKMARK [0][-]{chapter.7}{\376\377\000D\000e\000s\000i\000g\000n\000\040\000u\001\176\000i\000v\000a\000t\000e\000l\000s\000k\000\351\000h\000o\000\040\000r\000o\000z\000h\000r\000a\000n\000\355}{}% 19
\BOOKMARK [1][-]{section.7.1}{\376\377\000\040\000E\000r\000g\000o\000n\000o\000m\000i\000e\000\040\000S\000o\000f\000t\000w\000a\000r\000u}{chapter.7}% 20
\BOOKMARK [1][-]{section.7.2}{\376\377\000\040\000U\001\176\000i\000v\000a\000t\000e\000l\000s\000k\000\351\000\040\000r\000o\000z\000h\000r\000a\000n\000\355}{chapter.7}% 21
\BOOKMARK [2][-]{subsection.7.2.1}{\376\377\000\040\000J\000u\000r\000y\000S\000e\000t\000t\000i\000n\000g\000s}{section.7.2}% 22
\BOOKMARK [2][-]{subsection.7.2.2}{\376\377\000\040\000J\000u\000r\000y\000A\000c\000t\000i\000v\000i\000t\000y}{section.7.2}% 23
\BOOKMARK [2][-]{subsection.7.2.3}{\376\377\000\040\000M\000a\000i\000n\000A\000c\000t\000i\000v\000i\000t\000y}{section.7.2}% 24
\BOOKMARK [2][-]{subsection.7.2.4}{\376\377\000\040\000S\000r\000o\000v\000n\000\341\000n\000\355\000\040\000p\000o\000d\000o\000b\000n\000o\000s\000t\000i\000\040\000p\000a\000p\000\355\000r\000o\000v\000\351\000h\000o\000\040\000f\000o\000r\000m\000u\000l\000\341\001\131\000e\000\040\000a\000\040\000e\000l\000e\000k\000t\000r\000o\000n\000i\000c\000k\000\351\000h\000o}{section.7.2}% 25
\BOOKMARK [0][-]{chapter.8}{\376\377\000J\000a\000v\000a\000\040\000S\000e\000r\000v\000e\000r}{}% 26
\BOOKMARK [1][-]{section.8.1}{\376\377\000\040\000S\000e\000r\000v\000e\000r\000\040\000T\000h\000r\000e\000a\000d}{chapter.8}% 27
\BOOKMARK [1][-]{section.8.2}{\376\377\000\040\000C\000l\000i\000e\000n\000t\000\040\000T\000h\000r\000e\000a\000d}{chapter.8}% 28
\BOOKMARK [1][-]{section.8.3}{\376\377\000\040\000P\000r\000\341\000c\000e\000\040\000s\000e\000\040\000s\000o\000c\000k\000e\000t\000y}{chapter.8}% 29
\BOOKMARK [0][-]{chapter.9}{\376\377\000P\000r\000o\000b\000l\000\351\000m\000y\000\040\000n\000a\000v\000r\001\176\000e\000n\000\351\000h\000o\000\040\001\131\000e\001\141\000e\000n\000\355}{}% 30
\BOOKMARK [1][-]{section.9.1}{\376\377\000\040\000Z\000a\000s\000t\000a\000r\000a\000l\000o\000s\000t\000\040\000p\000r\000a\000v\000i\000d\000e\000l\000\040\000F\000I\000F\000E}{chapter.9}% 31
\BOOKMARK [0][-]{chapter.10}{\376\377\000G\000o\000o\000g\000l\000e\000\040\000o\000b\000c\000h\000o\000d\000\040\000P\000l\000a\000y\000\040\000-\000\040\000n\000e}{}% 32
\BOOKMARK [0][-]{chapter.11}{\376\377\000Z\000\341\000v\001\033\000r}{}% 33
